[ 2023-09-21 12:14:10,845 ] 37 root - INFO -Data Ingestion method is runnning..
[ 2023-09-21 12:14:11,736 ] 50 root - INFO -The local dataset is loaded to a variable
[ 2023-09-21 12:14:11,736 ] 53 root - INFO -The dataset is being balanced..
[ 2023-09-21 12:14:17,420 ] 56 root - INFO -The train test split is starting
[ 2023-09-21 12:14:23,328 ] 68 root - INFO -The data ingested, and is ready to save to the artifacts directory
[ 2023-09-21 12:14:24,291 ] 42 root - INFO -Numerical columns: ['Time', 'Amount']
[ 2023-09-21 12:14:24,291 ] 67 root - INFO -Read train and test data completed
[ 2023-09-21 12:14:24,293 ] 69 root - INFO -Obtaining preprocessing object
[ 2023-09-21 12:14:24,307 ] 84 root - INFO -Applying preprocessing object on training dataframe and testing dataframe.
[ 2023-09-21 12:14:24,333 ] 99 root - INFO -Saved preprocessing object.
[ 2023-09-21 12:14:24,339 ] 56 root - INFO -Split training and test input data
[ 2023-09-21 12:14:24,340 ] 66 root - INFO -None
[ 2023-09-21 12:14:24,341 ] 40 root - INFO -Evaluating model: Decision Tree :{'criterion': ['gini', 'entropy'], 'max_depth': [None, 5, 10, 20]}: 
[ 2023-09-21 12:14:30,842 ] 67 root - INFO -Decision Tree F1 score is 0.09302325581395349
[ 2023-09-21 12:14:30,842 ] 40 root - INFO -Evaluating model: Gradient Boosting :{'n_estimators': [50, 100, 200], 'learning_rate': [0.01, 0.1, 0.2]}: 
[ 2023-09-21 12:20:20,324 ] 67 root - INFO -Gradient Boosting F1 score is 0.0
[ 2023-09-21 12:20:20,324 ] 40 root - INFO -Evaluating model: K-Neighbors :{'n_neighbors': [3, 5, 10], 'weights': ['uniform', 'distance']}: 
[ 2023-09-21 12:20:46,444 ] 67 root - INFO -K-Neighbors F1 score is 0.0
[ 2023-09-21 12:20:46,444 ] 40 root - INFO -Evaluating model: XGBoost :{'n_estimators': [50, 100, 200], 'learning_rate': [0.01, 0.1, 0.2]}: 
[ 2023-09-21 12:22:02,003 ] 67 root - INFO -XGBoost F1 score is 0.047619047619047616
[ 2023-09-21 12:22:02,004 ] 40 root - INFO -Evaluating model: AdaBoost :{'n_estimators': [50, 100, 200], 'learning_rate': [0.01, 0.1, 0.2]}: 
[ 2023-09-21 12:26:01,078 ] 67 root - INFO -AdaBoost F1 score is 0.0
[ 2023-09-21 12:26:01,078 ] 40 root - INFO -Evaluating model: Logistic Regression :{'C': [0.1, 1.0, 10.0], 'penalty': ['l1', 'l2', 'elasticnet', 'none'], 'solver': ['newton-cg', 'lbfgs', 'liblinear', 'sag', 'saga']}: 
[ 2023-09-21 12:26:52,529 ] 67 root - INFO -Logistic Regression F1 score is 0.0
[ 2023-09-21 12:26:52,530 ] 40 root - INFO -Evaluating model: Neural Net :{'epochs': [50, 100], 'batch_size': [10, 20], 'optimizer': ['Adam', 'SGD'], 'neurons': [1, 5], 'activation': ['relu', 'tanh'], 'input_shape': [(2,)]}: 
