[ 2023-09-21 10:13:59,479 ] 37 root - INFO -Data Ingestion method is runnning..
[ 2023-09-21 10:14:00,335 ] 50 root - INFO -The local dataset is loaded to a variable
[ 2023-09-21 10:14:00,335 ] 53 root - INFO -The dataset is being balanced..
[ 2023-09-21 10:14:06,119 ] 56 root - INFO -The train test split is starting
[ 2023-09-21 10:14:11,740 ] 68 root - INFO -The data ingested, and is ready to save to the artifacts directory
[ 2023-09-21 10:14:12,699 ] 42 root - INFO -Numerical columns: ['Time', 'Amount']
[ 2023-09-21 10:14:12,699 ] 67 root - INFO -Read train and test data completed
[ 2023-09-21 10:14:12,701 ] 69 root - INFO -Obtaining preprocessing object
[ 2023-09-21 10:14:12,714 ] 84 root - INFO -Applying preprocessing object on training dataframe and testing dataframe.
[ 2023-09-21 10:14:12,736 ] 99 root - INFO -Saved preprocessing object.
[ 2023-09-21 10:14:12,742 ] 44 root - INFO -Split training and test input data
[ 2023-09-21 10:14:12,742 ] 54 root - INFO -None
[ 2023-09-21 10:14:12,742 ] 40 root - INFO -Evaluating model: Decision Tree :{'criterion': ['mse', 'friedman_mse', 'mae'], 'max_depth': [None, 5, 10, 20]}: 
[ 2023-09-21 10:14:15,687 ] 67 root - INFO -Decision Tree F1 score is 0.09302325581395349
[ 2023-09-21 10:14:15,687 ] 40 root - INFO -Evaluating model: Gradient Boosting :{'n_estimators': [50, 100, 200], 'learning_rate': [0.01, 0.1, 0.2]}: 
[ 2023-09-21 10:20:08,830 ] 67 root - INFO -Gradient Boosting F1 score is 0.0
[ 2023-09-21 10:20:08,830 ] 40 root - INFO -Evaluating model: K-Neighbors :{'n_neighbors': [3, 5, 10], 'weights': ['uniform', 'distance']}: 
[ 2023-09-21 10:20:13,001 ] 67 root - INFO -K-Neighbors F1 score is 0.0
[ 2023-09-21 10:20:13,001 ] 40 root - INFO -Evaluating model: XGBoost :{'n_estimators': [50, 100, 200], 'learning_rate': [0.01, 0.1, 0.2]}: 
[ 2023-09-21 10:21:36,975 ] 67 root - INFO -XGBoost F1 score is 0.0
[ 2023-09-21 10:21:36,975 ] 40 root - INFO -Evaluating model: AdaBoost :{'n_estimators': [50, 100, 200], 'learning_rate': [0.01, 0.1, 0.2]}: 
[ 2023-09-21 10:24:52,031 ] 67 root - INFO -AdaBoost F1 score is 0.0
[ 2023-09-21 10:24:52,031 ] 40 root - INFO -Evaluating model: Logistic Regression :{'C': [0.1, 1.0, 10.0], 'penalty': ['l1', 'l2']}: 
[ 2023-09-21 10:24:53,856 ] 67 root - INFO -Logistic Regression F1 score is 0.0
[ 2023-09-21 10:24:53,856 ] 40 root - INFO -Evaluating model: Neural Net :{'epochs': [50, 100], 'batch_size': [10, 20], 'optimizer': ['Adam', 'SGD'], 'neurons': [1, 5], 'activation': ['relu', 'tanh']}: 
