[ 2023-09-21 10:59:22,729 ] 37 root - INFO -Data Ingestion method is runnning..
[ 2023-09-21 10:59:23,589 ] 50 root - INFO -The local dataset is loaded to a variable
[ 2023-09-21 10:59:23,589 ] 53 root - INFO -The dataset is being balanced..
[ 2023-09-21 10:59:29,324 ] 56 root - INFO -The train test split is starting
[ 2023-09-21 10:59:35,170 ] 68 root - INFO -The data ingested, and is ready to save to the artifacts directory
[ 2023-09-21 10:59:36,308 ] 42 root - INFO -Numerical columns: ['Time', 'Amount']
[ 2023-09-21 10:59:36,308 ] 67 root - INFO -Read train and test data completed
[ 2023-09-21 10:59:36,310 ] 69 root - INFO -Obtaining preprocessing object
[ 2023-09-21 10:59:36,327 ] 84 root - INFO -Applying preprocessing object on training dataframe and testing dataframe.
[ 2023-09-21 10:59:36,358 ] 99 root - INFO -Saved preprocessing object.
[ 2023-09-21 10:59:36,368 ] 44 root - INFO -Split training and test input data
[ 2023-09-21 10:59:36,369 ] 54 root - INFO -None
[ 2023-09-21 10:59:36,370 ] 40 root - INFO -Evaluating model: Decision Tree :{'criterion': ['mse', 'friedman_mse', 'mae'], 'max_depth': [None, 5, 10, 20]}: 
[ 2023-09-21 10:59:39,721 ] 67 root - INFO -Decision Tree F1 score is 0.09302325581395349
[ 2023-09-21 10:59:39,721 ] 40 root - INFO -Evaluating model: Gradient Boosting :{'n_estimators': [50, 100, 200], 'learning_rate': [0.01, 0.1, 0.2]}: 
[ 2023-09-21 11:09:49,165 ] 67 root - INFO -Gradient Boosting F1 score is 0.0
[ 2023-09-21 11:09:49,165 ] 40 root - INFO -Evaluating model: K-Neighbors :{'n_neighbors': [3, 5, 10], 'weights': ['uniform', 'distance']}: 
[ 2023-09-21 11:09:59,665 ] 67 root - INFO -K-Neighbors F1 score is 0.0
[ 2023-09-21 11:09:59,665 ] 40 root - INFO -Evaluating model: XGBoost :{'n_estimators': [50, 100, 200], 'learning_rate': [0.01, 0.1, 0.2]}: 
[ 2023-09-21 11:11:48,593 ] 67 root - INFO -XGBoost F1 score is 0.0
[ 2023-09-21 11:11:48,593 ] 40 root - INFO -Evaluating model: AdaBoost :{'n_estimators': [50, 100, 200], 'learning_rate': [0.01, 0.1, 0.2]}: 
[ 2023-09-21 11:18:02,752 ] 67 root - INFO -AdaBoost F1 score is 0.0
[ 2023-09-21 11:18:02,753 ] 40 root - INFO -Evaluating model: Logistic Regression :{'C': [0.1, 1.0, 10.0], 'penalty': ['l1', 'l2']}: 
[ 2023-09-21 11:18:06,280 ] 67 root - INFO -Logistic Regression F1 score is 0.0
[ 2023-09-21 11:18:06,280 ] 40 root - INFO -Evaluating model: Neural Net :{'epochs': [50, 100], 'batch_size': [10, 20], 'optimizer': ['Adam', 'SGD'], 'neurons': [1, 5], 'activation': ['relu', 'tanh']}: 
