[ 2023-09-21 10:41:18,451 ] 37 root - INFO -Data Ingestion method is runnning..
[ 2023-09-21 10:41:19,425 ] 50 root - INFO -The local dataset is loaded to a variable
[ 2023-09-21 10:41:19,425 ] 53 root - INFO -The dataset is being balanced..
[ 2023-09-21 10:41:25,270 ] 56 root - INFO -The train test split is starting
[ 2023-09-21 10:41:31,005 ] 68 root - INFO -The data ingested, and is ready to save to the artifacts directory
[ 2023-09-21 10:41:31,982 ] 42 root - INFO -Numerical columns: ['Time', 'Amount']
[ 2023-09-21 10:41:31,982 ] 67 root - INFO -Read train and test data completed
[ 2023-09-21 10:41:31,983 ] 69 root - INFO -Obtaining preprocessing object
[ 2023-09-21 10:41:31,996 ] 84 root - INFO -Applying preprocessing object on training dataframe and testing dataframe.
[ 2023-09-21 10:41:32,017 ] 99 root - INFO -Saved preprocessing object.
[ 2023-09-21 10:41:32,023 ] 44 root - INFO -Split training and test input data
[ 2023-09-21 10:41:32,024 ] 54 root - INFO -None
[ 2023-09-21 10:41:32,024 ] 40 root - INFO -Evaluating model: Decision Tree :{'criterion': ['mse', 'friedman_mse', 'mae'], 'max_depth': [None, 5, 10, 20]}: 
[ 2023-09-21 10:41:35,033 ] 67 root - INFO -Decision Tree F1 score is 0.09302325581395349
[ 2023-09-21 10:41:35,033 ] 40 root - INFO -Evaluating model: Gradient Boosting :{'n_estimators': [50, 100, 200], 'learning_rate': [0.01, 0.1, 0.2]}: 
[ 2023-09-21 10:47:20,612 ] 67 root - INFO -Gradient Boosting F1 score is 0.0
[ 2023-09-21 10:47:20,612 ] 40 root - INFO -Evaluating model: K-Neighbors :{'n_neighbors': [3, 5, 10], 'weights': ['uniform', 'distance']}: 
[ 2023-09-21 10:47:24,653 ] 67 root - INFO -K-Neighbors F1 score is 0.0
[ 2023-09-21 10:47:24,653 ] 40 root - INFO -Evaluating model: XGBoost :{'n_estimators': [50, 100, 200], 'learning_rate': [0.01, 0.1, 0.2]}: 
[ 2023-09-21 10:48:49,556 ] 67 root - INFO -XGBoost F1 score is 0.0
[ 2023-09-21 10:48:49,556 ] 40 root - INFO -Evaluating model: AdaBoost :{'n_estimators': [50, 100, 200], 'learning_rate': [0.01, 0.1, 0.2]}: 
[ 2023-09-21 10:52:40,354 ] 67 root - INFO -AdaBoost F1 score is 0.0
[ 2023-09-21 10:52:40,354 ] 40 root - INFO -Evaluating model: Logistic Regression :{'C': [0.1, 1.0, 10.0], 'penalty': ['l1', 'l2']}: 
[ 2023-09-21 10:52:42,003 ] 67 root - INFO -Logistic Regression F1 score is 0.0
[ 2023-09-21 10:52:42,003 ] 40 root - INFO -Evaluating model: Neural Net :{'epochs': [50, 100], 'batch_size': [10, 20], 'optimizer': ['Adam', 'SGD'], 'neurons': [1, 5], 'activation': ['relu', 'tanh']}: 
